[0306/225452.416:ERROR:minidumpwritedump_with_crashpad_info.cc(435)] Failed to call MiniDumpWriteDump: Only part of a ReadProcessMemory or WriteProcessMemory request was completed. (0x8007012B)
[0306/225452.419:ERROR:minidumpwritedump_with_crashpad_info.cc(608)] Failed to write minidump file
[0306/225452.419:ERROR:crash_report_exception_handler.cc(122)] TryMiniDumpWriteDumpWithCrashpadInfo failed
[0306/225452.424:ERROR:process_memory_win.cc(73)] ReadMemory at 0x18fbbfa0000 of 64 bytes failed: Only part of a ReadProcessMemory or WriteProcessMemory request was completed. (0x12B)
[0306/225452.424:WARNING:pe_image_reader.cc(340)] could not read dos header from C:\WINDOWS\System32\NSI.dll
[0306/225452.425:ERROR:process_memory_win.cc(73)] ReadMemory at 0x18fbbec3780 of 72 bytes failed: Only part of a ReadProcessMemory or WriteProcessMemory request was completed. (0x12B)
[0306/225452.425:WARNING:pe_image_annotations_reader.cc(134)] could not read annotations list object in C:\Program Files (x86)\Microsoft\Edge\Application\80.0.361.66\msedge_elf.dll
[0306/225452.425:ERROR:process_memory_win.cc(73)] ReadMemory at 0x18fbc285b90 of 72 bytes failed: Only part of a ReadProcessMemory or WriteProcessMemory request was completed. (0x12B)
[0306/225452.425:WARNING:pe_image_annotations_reader.cc(134)] could not read annotations list object in C:\Program Files (x86)\Microsoft\Edge\Application\80.0.361.66\msedge.dll
[0306/225452.426:ERROR:process_memory_win.cc(73)] ReadMemory at 0x18fbbfa0000 of 64 bytes failed: Only part of a ReadProcessMemory or WriteProcessMemory request was completed. (0x12B)
[0306/225452.426:WARNING:pe_image_reader.cc(340)] could not read dos header from C:\WINDOWS\System32\NSI.dll
[0306/225452.426:ERROR:process_memory_win.cc(73)] ReadMemory at 0x18fbbfa0000 of 64 bytes failed: Only part of a ReadProcessMemory or WriteProcessMemory request was completed. (0x12B)
[0306/225452.426:WARNING:pe_image_reader.cc(340)] could not read dos header from C:\WINDOWS\System32\NSI.dll
[0306/225452.682:ERROR:process_memory_win.cc(73)] ReadMemory at 0x7ff7517f0000 of 64 bytes failed: Only part of a ReadProcessMemory or WriteProcessMemory request was completed. (0x12B)
[0306/225452.682:WARNING:pe_image_reader.cc(340)] could not read dos header from C:\Program Files (x86)\Microsoft\Edge\Application\msedge.exe
[0306/225452.682:ERROR:process_memory_win.cc(73)] ReadMemory at 0x7ffef8780000 of 64 bytes failed: Only part of a ReadProcessMemory or WriteProcessMemory request was completed. (0x12B)
[0306/225452.682:WARNING:pe_image_reader.cc(340)] could not read dos header from C:\WINDOWS\SYSTEM32\ntdll.dll
[0306/225452.682:ERROR:process_memory_win.cc(73)] ReadMemory at 0x7ffef7cf0000 of 64 bytes failed: Only part of a ReadProcessMemory or WriteProcessMemory request was completed. (0x12B)
[0306/225452.682:WARNING:pe_image_reader.cc(340)] could not read dos header from C:\WINDOWS\System32\KERNEL32.DLL
[0306/225452.682:ERROR:process_memory_win.cc(73)] ReadMemory at 0x7ffef6580000 of 64 bytes failed: Only part of a ReadProcessMemory or WriteProcessMemory request was completed. (0x12B)
[0306/225452.682:WARNING:pe_image_reader.cc(340)] could not read dos header from C:\WINDOWS\System32\KERNELBASE.dll
[0306/225452.682:ERROR:process_memory_win.cc(73)] ReadMemory at 0x7ffec0680000 of 64 bytes failed: Only part of a ReadProcessMemory or WriteProcessMemory request was completed. (0x12B)
[0306/225452.682:WARNING:pe_image_reader.cc(340)] could not read dos header from C:\Program Files (x86)\Microsoft\Edge\Application\80.0.361.66\msedge_elf.dll
[0306/225452.682:ERROR:process_memory_win.cc(73)] ReadMemory at 0x7ffee7110000 of 64 bytes failed: Only part of a ReadProcessMemory or WriteProcessMemory request was completed. (0x12B)
[0306/225452.682:WARNING:pe_image_reader.cc(340)] could not read dos header from C:\WINDOWS\SYSTEM32\VERSION.dll
[0306/225452.682:ERROR:process_memory_win.cc(73)] ReadMemory at 0x7ffef6f50000 of 64 bytes failed: Only part of a ReadProcessMemory or WriteProcessMemory request was completed. (0x12B)
[0306/225452.682:WARNING:pe_image_reader.cc(340)] could not read dos header from C:\WINDOWS\System32\msvcrt.dll
[0306/225452.682:ERROR:process_memory_win.cc(73)] ReadMemory at 0x7ffef59e0000 of 64 bytes failed: Only part of a ReadProcessMemory or WriteProcessMemory request was completed. (0x12B)
[0306/225452.682:WARNING:pe_image_reader.cc(340)] could not read dos header from C:\WINDOWS\System32\bcryptPrimitives.dll
[0306/225452.682:ERROR:process_memory_win.cc(73)] ReadMemory at 0x7ffef78f0000 of 64 bytes failed: Only part of a ReadProcessMemory or WriteProcessMemory request was completed. (0x12B)
[0306/225452.682:WARNING:pe_image_reader.cc(340)] could not read dos header from C:\WINDOWS\System32\ADVAPI32.dll
[0306/225452.682:ERROR:process_memory_win.cc(73)] ReadMemory at 0x7ffef7ad0000 of 64 bytes failed: Only part of a ReadProcessMemory or WriteProcessMemory request was completed. (0x12B)
[0306/225452.682:WARNING:pe_image_reader.cc(340)] could not read dos header from C:\WINDOWS\System32\sechost.dll
[0306/225452.682:ERROR:process_memory_win.cc(73)] ReadMemory at 0x7ffef7bd0000 of 64 bytes failed: Only part of a ReadProcessMemory or WriteProcessMemory request was completed. (0x12B)
[0306/225452.682:WARNING:pe_image_reader.cc(340)] could not read dos header from C:\WINDOWS\System32\RPCRT4.dll
[0306/225452.682:ERROR:process_memory_win.cc(73)] ReadMemory at 0x7ffea7400000 of 64 bytes failed: Only part of a ReadProcessMemory or WriteProcessMemory request was completed. (0x12B)
[0306/225452.682:WARNING:pe_image_reader.cc(340)] could not read dos header from C:\Program Files (x86)\Microsoft\Edge\Application\80.0.361.66\msedge.dll
[0306/225452.682:ERROR:process_memory_win.cc(73)] ReadMemory at 0x7ffef79a0000 of 64 bytes failed: Only part of a ReadProcessMemory or WriteProcessMemory request was completed. (0x12B)
[0306/225452.682:WARNING:pe_image_reader.cc(340)] could not read dos header from C:\WINDOWS\System32\WS2_32.dll
[0306/225452.682:ERROR:process_memory_win.cc(73)] ReadMemory at 0x7ffef7610000 of 64 bytes failed: Only part of a ReadProcessMemory or WriteProcessMemory request was completed. (0x12B)
[0306/225452.682:WARNING:pe_image_reader.cc(340)] could not read dos header from C:\WINDOWS\System32\OLEAUT32.dll
[0306/225452.682:ERROR:process_memory_win.cc(73)] ReadMemory at 0x7ffef6410000 of 64 bytes failed: Only part of a ReadProcessMemory or WriteProcessMemory request was completed. (0x12B)
[0306/225452.682:WARNING:pe_image_reader.cc(340)] could not read dos header from C:\WINDOWS\System32\msvcp_win.dll
[0306/225452.682:ERROR:process_memory_win.cc(73)] ReadMemory at 0x7ffef5710000 of 64 bytes failed: Only part of a ReadProcessMemory or WriteProcessMemory request was completed. (0x12B)
[0306/225452.682:WARNING:pe_image_reader.cc(340)] could not read dos header from C:\WINDOWS\System32\ucrtbase.dll
[0306/225452.682:ERROR:process_memory_win.cc(73)] ReadMemory at 0x7ffef83a0000 of 64 bytes failed: Only part of a ReadProcessMemory or WriteProcessMemory request was completed. (0x12B)
[0306/225452.682:WARNING:pe_image_reader.cc(340)] could not read dos header from C:\WINDOWS\System32\combase.dll
[0306/225452.682:ERROR:process_memory_win.cc(73)] ReadMemory at 0x7ffef64d0000 of 64 bytes failed: Only part of a ReadProcessMemory or WriteProcessMemory request was completed. (0x12B)
[0306/225452.683:WARNING:pe_image_reader.cc(340)] could not read dos header from C:\WINDOWS\System32\WINTRUST.dll
[0306/225452.683:ERROR:process_memory_win.cc(73)] ReadMemory at 0x7ffef56a0000 of 64 bytes failed: Only part of a ReadProcessMemory or WriteProcessMemory request was completed. (0x12B)
[0306/225452.683:WARNING:pe_image_reader.cc(340)] could not read dos header from C:\WINDOWS\System32\MSASN1.dll
[0306/225452.683:ERROR:process_memory_win.cc(73)] ReadMemory at 0x7ffef5a60000 of 64 bytes failed: Only part of a ReadProcessMemory or WriteProcessMemory request was completed. (0x12B)
[0306/225452.683:WARNING:pe_image_reader.cc(340)] could not read dos header from C:\WINDOWS\System32\CRYPT32.dll
[0306/225452.683:ERROR:process_memory_win.cc(73)] ReadMemory at 0x7ffef4bd0000 of 64 bytes failed: Only part of a ReadProcessMemory or WriteProcessMemory request was completed. (0x12B)
[0306/225452.683:WARNING:pe_image_reader.cc(340)] could not read dos header from C:\WINDOWS\SYSTEM32\IPHLPAPI.DLL
[0306/225452.683:ERROR:process_memory_win.cc(73)] ReadMemory at 0x7ffeeedb0000 of 64 bytes failed: Only part of a ReadProcessMemory or WriteProcessMemory request was completed. (0x12B)
[0306/225452.683:WARNING:pe_image_reader.cc(340)] could not read dos header from C:\WINDOWS\SYSTEM32\WINMM.dll
[0306/225452.683:ERROR:process_memory_win.cc(73)] ReadMemory at 0x7ffee16b0000 of 64 bytes failed: Only part of a ReadProcessMemory or WriteProcessMemory request was completed. (0x12B)
[0306/225452.683:WARNING:pe_image_reader.cc(340)] could not read dos header from C:\WINDOWS\SYSTEM32\Secur32.dll
[0306/225452.683:ERROR:process_memory_win.cc(73)] ReadMemory at 0x7ffef5570000 of 64 bytes failed: Only part of a ReadProcessMemory or WriteProcessMemory request was completed. (0x12B)
[0306/225452.683:WARNING:pe_image_reader.cc(340)] could not read dos header from C:\WINDOWS\SYSTEM32\USERENV.dll
[0306/225452.683:ERROR:process_memory_win.cc(73)] ReadMemory at 0x7ffef5680000 of 64 bytes failed: Only part of a ReadProcessMemory or WriteProcessMemory request was completed. (0x12B)
[0306/225452.683:WARNING:pe_image_reader.cc(340)] could not read dos header from C:\WINDOWS\System32\profapi.dll
[0306/225452.683:ERROR:process_memory_win.cc(73)] ReadMemory at 0x7ffec9e90000 of 64 bytes failed: Only part of a ReadProcessMemory or WriteProcessMemory request was completed. (0x12B)
[0306/225452.683:WARNING:pe_image_reader.cc(340)] could not read dos header from C:\WINDOWS\SYSTEM32\UIAutomationCore.DLL
[0306/225452.683:ERROR:process_memory_win.cc(73)] ReadMemory at 0x7ffeecdf0000 of 64 bytes failed: Only part of a ReadProcessMemory or WriteProcessMemory request was completed. (0x12B)
[0306/225452.683:WARNING:pe_image_reader.cc(340)] could not read dos header from C:\WINDOWS\SYSTEM32\WINHTTP.dll
[0306/225452.683:ERROR:process_memory_win.cc(73)] ReadMemory at 0x7ffed1550000 of 64 bytes failed: Only part of a ReadProcessMemory or WriteProcessMemory request was completed. (0x12B)
[0306/225452.683:WARNING:pe_image_reader.cc(340)] could not read dos header from C:\WINDOWS\SYSTEM32\DWrite.dll
[0306/225452.683:ERROR:process_memory_win.cc(73)] ReadMemory at 0x7ffee1830000 of 64 bytes failed: Only part of a ReadProcessMemory or WriteProcessMemory request was completed. (0x12B)
[0306/225452.683:WARNING:pe_image_reader.cc(340)] could not read dos header from C:\WINDOWS\SYSTEM32\WINSPOOL.DRV
[0306/225452.683:ERROR:process_memory_win.cc(73)] ReadMemory at 0x7ffef5660000 of 64 bytes failed: Only part of a ReadProcessMemory or WriteProcessMemory request was completed. (0x12B)
[0306/225452.683:WARNING:pe_image_reader.cc(340)] could not read dos header from C:\WINDOWS\System32\kernel.appcore.dll
[0306/225452.683:ERROR:process_memory_win.cc(73)] ReadMemory at 0x7ffef5c60000 of 64 bytes failed: Only part of a ReadProcessMemory or WriteProcessMemory request was completed. (0x12B)
[0306/225452.683:WARNING:pe_image_reader.cc(340)] could not read dos header from C:\WINDOWS\System32\bcrypt.dll
[0306/225452.683:ERROR:process_memory_win.cc(73)] ReadMemory at 0x7ffef0e10000 of 64 bytes failed: Only part of a ReadProcessMemory or WriteProcessMemory request was completed. (0x12B)
[0306/225452.683:WARNING:pe_image_reader.cc(340)] could not read dos header from C:\WINDOWS\SYSTEM32\dbghelp.dll
[0306/225452.683:ERROR:process_memory_win.cc(73)] ReadMemory at 0x7ffee7840000 of 64 bytes failed: Only part of a ReadProcessMemory or WriteProcessMemory request was completed. (0x12B)
[0306/225452.683:WARNING:pe_image_reader.cc(340)] could not read dos header from C:\WINDOWS\SYSTEM32\dhcpcsvc.DLL
[0306/225452.683:ERROR:process_memory_win.cc(73)] ReadMemory at 0x18fbbfa0000 of 64 bytes failed: Only part of a ReadProcessMemory or WriteProcessMemory request was completed. (0x12B)
[0306/225452.683:WARNING:pe_image_reader.cc(340)] could not read dos header from C:\WINDOWS\System32\NSI.dll
[0306/225452.683:ERROR:process_memory_win.cc(73)] ReadMemory at 0x7ffeeed80000 of 64 bytes failed: Only part of a ReadProcessMemory or WriteProcessMemory request was completed. (0x12B)
[0306/225452.683:WARNING:pe_image_reader.cc(340)] could not read dos header from C:\WINDOWS\SYSTEM32\WINMMBASE.dll
[0306/225452.683:ERROR:process_memory_win.cc(73)] ReadMemory at 0x7ffef6530000 of 64 bytes failed: Only part of a ReadProcessMemory or WriteProcessMemory request was completed. (0x12B)
[0306/225452.683:WARNING:pe_image_reader.cc(340)] could not read dos header from C:\WINDOWS\System32\cfgmgr32.dll
[0306/225452.683:ERROR:process_memory_win.cc(73)] ReadMemory at 0x7ffeeeab0000 of 64 bytes failed: Only part of a ReadProcessMemory or WriteProcessMemory request was completed. (0x12B)
[0306/225452.683:WARNING:pe_image_reader.cc(340)] could not read dos header from C:\WINDOWS\SYSTEM32\PROPSYS.dll
[0306/225452.683:ERROR:process_memory_win.cc(73)] ReadMemory at 0x7ffef7a10000 of 64 bytes failed: Only part of a ReadProcessMemory or WriteProcessMemory request was completed. (0x12B)
[0306/225452.683:WARNING:pe_image_reader.cc(340)] could not read dos header from C:\WINDOWS\System32\shcore.dll
[0306/225452.683:ERROR:process_memory_win.cc(73)] ReadMemory at 0x7ffef5540000 of 64 bytes failed: Only part of a ReadProcessMemory or WriteProcessMemory request was completed. (0x12B)
[0306/225452.683:WARNING:pe_image_reader.cc(340)] could not read dos header from C:\WINDOWS\SYSTEM32\SSPICLI.DLL
[0306/225452.683:ERROR:process_memory_win.cc(73)] ReadMemory at 0x7ffef5090000 of 64 bytes failed: Only part of a ReadProcessMemory or WriteProcessMemory request was completed. (0x12B)
[0306/225452.683:WARNING:pe_image_reader.cc(340)] could not read dos header from C:\WINDOWS\SYSTEM32\CRYPTBASE.DLL
[0306/225452.683:ERROR:process_memory_win.cc(73)] ReadMemory at 0x7ff7517f0000 of 64 bytes failed: Only part of a ReadProcessMemory or WriteProcessMemory request was completed. (0x12B)
[0306/225452.683:WARNING:pe_image_reader.cc(340)] could not read dos header from C:\Program Files (x86)\Microsoft\Edge\Application\msedge.exe
[0306/225452.683:ERROR:process_memory_win.cc(73)] ReadMemory at 0x7ffef8780000 of 64 bytes failed: Only part of a ReadProcessMemory or WriteProcessMemory request was completed. (0x12B)
[0306/225452.683:WARNING:pe_image_reader.cc(340)] could not read dos header from C:\WINDOWS\SYSTEM32\ntdll.dll
[0306/225452.684:ERROR:process_memory_win.cc(73)] ReadMemory at 0x7ffef7cf0000 of 64 bytes failed: Only part of a ReadProcessMemory or WriteProcessMemory request was completed. (0x12B)
[0306/225452.684:WARNING:pe_image_reader.cc(340)] could not read dos header from C:\WINDOWS\System32\KERNEL32.DLL
[0306/225452.684:ERROR:process_memory_win.cc(73)] ReadMemory at 0x7ffef6580000 of 64 bytes failed: Only part of a ReadProcessMemory or WriteProcessMemory request was completed. (0x12B)
[0306/225452.684:WARNING:pe_image_reader.cc(340)] could not read dos header from C:\WINDOWS\System32\KERNELBASE.dll
[0306/225452.684:ERROR:process_memory_win.cc(73)] ReadMemory at 0x7ffec0680000 of 64 bytes failed: Only part of a ReadProcessMemory or WriteProcessMemory request was completed. (0x12B)
[0306/225452.684:WARNING:pe_image_reader.cc(340)] could not read dos header from C:\Program Files (x86)\Microsoft\Edge\Application\80.0.361.66\msedge_elf.dll
[0306/225452.684:ERROR:process_memory_win.cc(73)] ReadMemory at 0x7ffee7110000 of 64 bytes failed: Only part of a ReadProcessMemory or WriteProcessMemory request was completed. (0x12B)
[0306/225452.684:WARNING:pe_image_reader.cc(340)] could not read dos header from C:\WINDOWS\SYSTEM32\VERSION.dll
[0306/225452.684:ERROR:process_memory_win.cc(73)] ReadMemory at 0x7ffef6f50000 of 64 bytes failed: Only part of a ReadProcessMemory or WriteProcessMemory request was completed. (0x12B)
[0306/225452.684:WARNING:pe_image_reader.cc(340)] could not read dos header from C:\WINDOWS\System32\msvcrt.dll
[0306/225452.684:ERROR:process_memory_win.cc(73)] ReadMemory at 0x7ffef59e0000 of 64 bytes failed: Only part of a ReadProcessMemory or WriteProcessMemory request was completed. (0x12B)
[0306/225452.684:WARNING:pe_image_reader.cc(340)] could not read dos header from C:\WINDOWS\System32\bcryptPrimitives.dll
[0306/225452.684:ERROR:process_memory_win.cc(73)] ReadMemory at 0x7ffef78f0000 of 64 bytes failed: Only part of a ReadProcessMemory or WriteProcessMemory request was completed. (0x12B)
[0306/225452.684:WARNING:pe_image_reader.cc(340)] could not read dos header from C:\WINDOWS\System32\ADVAPI32.dll
[0306/225452.684:ERROR:process_memory_win.cc(73)] ReadMemory at 0x7ffef7ad0000 of 64 bytes failed: Only part of a ReadProcessMemory or WriteProcessMemory request was completed. (0x12B)
[0306/225452.684:WARNING:pe_image_reader.cc(340)] could not read dos header from C:\WINDOWS\System32\sechost.dll
[0306/225452.684:ERROR:process_memory_win.cc(73)] ReadMemory at 0x7ffef7bd0000 of 64 bytes failed: Only part of a ReadProcessMemory or WriteProcessMemory request was completed. (0x12B)
[0306/225452.684:WARNING:pe_image_reader.cc(340)] could not read dos header from C:\WINDOWS\System32\RPCRT4.dll
[0306/225452.684:ERROR:process_memory_win.cc(73)] ReadMemory at 0x7ffea7400000 of 64 bytes failed: Only part of a ReadProcessMemory or WriteProcessMemory request was completed. (0x12B)
[0306/225452.684:WARNING:pe_image_reader.cc(340)] could not read dos header from C:\Program Files (x86)\Microsoft\Edge\Application\80.0.361.66\msedge.dll
[0306/225452.684:ERROR:process_memory_win.cc(73)] ReadMemory at 0x7ffef79a0000 of 64 bytes failed: Only part of a ReadProcessMemory or WriteProcessMemory request was completed. (0x12B)
[0306/225452.684:WARNING:pe_image_reader.cc(340)] could not read dos header from C:\WINDOWS\System32\WS2_32.dll
[0306/225452.684:ERROR:process_memory_win.cc(73)] ReadMemory at 0x7ffef7610000 of 64 bytes failed: Only part of a ReadProcessMemory or WriteProcessMemory request was completed. (0x12B)
[0306/225452.684:WARNING:pe_image_reader.cc(340)] could not read dos header from C:\WINDOWS\System32\OLEAUT32.dll
[0306/225452.684:ERROR:process_memory_win.cc(73)] ReadMemory at 0x7ffef6410000 of 64 bytes failed: Only part of a ReadProcessMemory or WriteProcessMemory request was completed. (0x12B)
[0306/225452.684:WARNING:pe_image_reader.cc(340)] could not read dos header from C:\WINDOWS\System32\msvcp_win.dll
[0306/225452.684:ERROR:process_memory_win.cc(73)] ReadMemory at 0x7ffef5710000 of 64 bytes failed: Only part of a ReadProcessMemory or WriteProcessMemory request was completed. (0x12B)
[0306/225452.684:WARNING:pe_image_reader.cc(340)] could not read dos header from C:\WINDOWS\System32\ucrtbase.dll
[0306/225452.684:ERROR:process_memory_win.cc(73)] ReadMemory at 0x7ffef83a0000 of 64 bytes failed: Only part of a ReadProcessMemory or WriteProcessMemory request was completed. (0x12B)
[0306/225452.684:WARNING:pe_image_reader.cc(340)] could not read dos header from C:\WINDOWS\System32\combase.dll
[0306/225452.684:ERROR:process_memory_win.cc(73)] ReadMemory at 0x7ffef64d0000 of 64 bytes failed: Only part of a ReadProcessMemory or WriteProcessMemory request was completed. (0x12B)
[0306/225452.684:WARNING:pe_image_reader.cc(340)] could not read dos header from C:\WINDOWS\System32\WINTRUST.dll
[0306/225452.684:ERROR:process_memory_win.cc(73)] ReadMemory at 0x7ffef56a0000 of 64 bytes failed: Only part of a ReadProcessMemory or WriteProcessMemory request was completed. (0x12B)
[0306/225452.684:WARNING:pe_image_reader.cc(340)] could not read dos header from C:\WINDOWS\System32\MSASN1.dll
[0306/225452.684:ERROR:process_memory_win.cc(73)] ReadMemory at 0x7ffef5a60000 of 64 bytes failed: Only part of a ReadProcessMemory or WriteProcessMemory request was completed. (0x12B)
[0306/225452.684:WARNING:pe_image_reader.cc(340)] could not read dos header from C:\WINDOWS\System32\CRYPT32.dll
[0306/225452.684:ERROR:process_memory_win.cc(73)] ReadMemory at 0x7ffef4bd0000 of 64 bytes failed: Only part of a ReadProcessMemory or WriteProcessMemory request was completed. (0x12B)
[0306/225452.684:WARNING:pe_image_reader.cc(340)] could not read dos header from C:\WINDOWS\SYSTEM32\IPHLPAPI.DLL
[0306/225452.684:ERROR:process_memory_win.cc(73)] ReadMemory at 0x7ffeeedb0000 of 64 bytes failed: Only part of a ReadProcessMemory or WriteProcessMemory request was completed. (0x12B)
[0306/225452.684:WARNING:pe_image_reader.cc(340)] could not read dos header from C:\WINDOWS\SYSTEM32\WINMM.dll
[0306/225452.684:ERROR:process_memory_win.cc(73)] ReadMemory at 0x7ffee16b0000 of 64 bytes failed: Only part of a ReadProcessMemory or WriteProcessMemory request was completed. (0x12B)
[0306/225452.684:WARNING:pe_image_reader.cc(340)] could not read dos header from C:\WINDOWS\SYSTEM32\Secur32.dll
[0306/225452.684:ERROR:process_memory_win.cc(73)] ReadMemory at 0x7ffef5570000 of 64 bytes failed: Only part of a ReadProcessMemory or WriteProcessMemory request was completed. (0x12B)
[0306/225452.684:WARNING:pe_image_reader.cc(340)] could not read dos header from C:\WINDOWS\SYSTEM32\USERENV.dll
[0306/225452.684:ERROR:process_memory_win.cc(73)] ReadMemory at 0x7ffef5680000 of 64 bytes failed: Only part of a ReadProcessMemory or WriteProcessMemory request was completed. (0x12B)
[0306/225452.684:WARNING:pe_image_reader.cc(340)] could not read dos header from C:\WINDOWS\System32\profapi.dll
[0306/225452.684:ERROR:process_memory_win.cc(73)] ReadMemory at 0x7ffec9e90000 of 64 bytes failed: Only part of a ReadProcessMemory or WriteProcessMemory request was completed. (0x12B)
[0306/225452.684:WARNING:pe_image_reader.cc(340)] could not read dos header from C:\WINDOWS\SYSTEM32\UIAutomationCore.DLL
[0306/225452.684:ERROR:process_memory_win.cc(73)] ReadMemory at 0x7ffeecdf0000 of 64 bytes failed: Only part of a ReadProcessMemory or WriteProcessMemory request was completed. (0x12B)
[0306/225452.684:WARNING:pe_image_reader.cc(340)] could not read dos header from C:\WINDOWS\SYSTEM32\WINHTTP.dll
[0306/225452.685:ERROR:process_memory_win.cc(73)] ReadMemory at 0x7ffed1550000 of 64 bytes failed: Only part of a ReadProcessMemory or WriteProcessMemory request was completed. (0x12B)
[0306/225452.685:WARNING:pe_image_reader.cc(340)] could not read dos header from C:\WINDOWS\SYSTEM32\DWrite.dll
[0306/225452.685:ERROR:process_memory_win.cc(73)] ReadMemory at 0x7ffee1830000 of 64 bytes failed: Only part of a ReadProcessMemory or WriteProcessMemory request was completed. (0x12B)
[0306/225452.685:WARNING:pe_image_reader.cc(340)] could not read dos header from C:\WINDOWS\SYSTEM32\WINSPOOL.DRV
[0306/225452.685:ERROR:process_memory_win.cc(73)] ReadMemory at 0x7ffef5660000 of 64 bytes failed: Only part of a ReadProcessMemory or WriteProcessMemory request was completed. (0x12B)
[0306/225452.685:WARNING:pe_image_reader.cc(340)] could not read dos header from C:\WINDOWS\System32\kernel.appcore.dll
[0306/225452.685:ERROR:process_memory_win.cc(73)] ReadMemory at 0x7ffef5c60000 of 64 bytes failed: Only part of a ReadProcessMemory or WriteProcessMemory request was completed. (0x12B)
[0306/225452.685:WARNING:pe_image_reader.cc(340)] could not read dos header from C:\WINDOWS\System32\bcrypt.dll
[0306/225452.685:ERROR:process_memory_win.cc(73)] ReadMemory at 0x7ffef0e10000 of 64 bytes failed: Only part of a ReadProcessMemory or WriteProcessMemory request was completed. (0x12B)
[0306/225452.685:WARNING:pe_image_reader.cc(340)] could not read dos header from C:\WINDOWS\SYSTEM32\dbghelp.dll
[0306/225452.685:ERROR:process_memory_win.cc(73)] ReadMemory at 0x7ffee7840000 of 64 bytes failed: Only part of a ReadProcessMemory or WriteProcessMemory request was completed. (0x12B)
[0306/225452.685:WARNING:pe_image_reader.cc(340)] could not read dos header from C:\WINDOWS\SYSTEM32\dhcpcsvc.DLL
[0306/225452.685:ERROR:process_memory_win.cc(73)] ReadMemory at 0x18fbbfa0000 of 64 bytes failed: Only part of a ReadProcessMemory or WriteProcessMemory request was completed. (0x12B)
[0306/225452.685:WARNING:pe_image_reader.cc(340)] could not read dos header from C:\WINDOWS\System32\NSI.dll
[0306/225452.685:ERROR:process_memory_win.cc(73)] ReadMemory at 0x7ffeeed80000 of 64 bytes failed: Only part of a ReadProcessMemory or WriteProcessMemory request was completed. (0x12B)
[0306/225452.685:WARNING:pe_image_reader.cc(340)] could not read dos header from C:\WINDOWS\SYSTEM32\WINMMBASE.dll
[0306/225452.685:ERROR:process_memory_win.cc(73)] ReadMemory at 0x7ffef6530000 of 64 bytes failed: Only part of a ReadProcessMemory or WriteProcessMemory request was completed. (0x12B)
[0306/225452.685:WARNING:pe_image_reader.cc(340)] could not read dos header from C:\WINDOWS\System32\cfgmgr32.dll
[0306/225452.685:ERROR:process_memory_win.cc(73)] ReadMemory at 0x7ffeeeab0000 of 64 bytes failed: Only part of a ReadProcessMemory or WriteProcessMemory request was completed. (0x12B)
[0306/225452.685:WARNING:pe_image_reader.cc(340)] could not read dos header from C:\WINDOWS\SYSTEM32\PROPSYS.dll
[0306/225452.685:ERROR:process_memory_win.cc(73)] ReadMemory at 0x7ffef7a10000 of 64 bytes failed: Only part of a ReadProcessMemory or WriteProcessMemory request was completed. (0x12B)
[0306/225452.685:WARNING:pe_image_reader.cc(340)] could not read dos header from C:\WINDOWS\System32\shcore.dll
[0306/225452.685:ERROR:process_memory_win.cc(73)] ReadMemory at 0x7ffef5540000 of 64 bytes failed: Only part of a ReadProcessMemory or WriteProcessMemory request was completed. (0x12B)
[0306/225452.685:WARNING:pe_image_reader.cc(340)] could not read dos header from C:\WINDOWS\SYSTEM32\SSPICLI.DLL
[0306/225452.685:ERROR:process_memory_win.cc(73)] ReadMemory at 0x7ffef5090000 of 64 bytes failed: Only part of a ReadProcessMemory or WriteProcessMemory request was completed. (0x12B)
[0306/225452.685:WARNING:pe_image_reader.cc(340)] could not read dos header from C:\WINDOWS\SYSTEM32\CRYPTBASE.DLL
[0306/225452.735:ERROR:process_memory_win.cc(73)] ReadMemory at 0x544b7f5000 of 45056 bytes failed: Only part of a ReadProcessMemory or WriteProcessMemory request was completed. (0x12B)
[0306/225452.735:ERROR:process_memory_win.cc(73)] ReadMemory at 0x544bffe000 of 8192 bytes failed: Only part of a ReadProcessMemory or WriteProcessMemory request was completed. (0x12B)
[0306/225452.735:ERROR:process_memory_win.cc(73)] ReadMemory at 0x544c7fd000 of 12288 bytes failed: Only part of a ReadProcessMemory or WriteProcessMemory request was completed. (0x12B)
[0306/225452.736:ERROR:process_memory_win.cc(73)] ReadMemory at 0x544cff6000 of 40960 bytes failed: Only part of a ReadProcessMemory or WriteProcessMemory request was completed. (0x12B)
[0306/225452.736:ERROR:process_memory_win.cc(73)] ReadMemory at 0x544d7fd000 of 12288 bytes failed: Only part of a ReadProcessMemory or WriteProcessMemory request was completed. (0x12B)
[0306/225452.736:ERROR:process_memory_win.cc(73)] ReadMemory at 0x544dffc000 of 16384 bytes failed: Only part of a ReadProcessMemory or WriteProcessMemory request was completed. (0x12B)
[0306/225452.736:ERROR:process_memory_win.cc(73)] ReadMemory at 0x544e7fd000 of 12288 bytes failed: Only part of a ReadProcessMemory or WriteProcessMemory request was completed. (0x12B)
[0306/225452.736:ERROR:process_memory_win.cc(73)] ReadMemory at 0x544effb000 of 20480 bytes failed: Only part of a ReadProcessMemory or WriteProcessMemory request was completed. (0x12B)
[0306/225452.736:ERROR:process_memory_win.cc(73)] ReadMemory at 0x544fffd000 of 12288 bytes failed: Only part of a ReadProcessMemory or WriteProcessMemory request was completed. (0x12B)
[0306/225452.736:ERROR:process_memory_win.cc(73)] ReadMemory at 0x54507fd000 of 12288 bytes failed: Only part of a ReadProcessMemory or WriteProcessMemory request was completed. (0x12B)
[0306/225452.736:ERROR:process_memory_win.cc(73)] ReadMemory at 0x5450ffd000 of 12288 bytes failed: Only part of a ReadProcessMemory or WriteProcessMemory request was completed. (0x12B)
[0306/225452.736:ERROR:process_memory_win.cc(73)] ReadMemory at 0x54517fd000 of 12288 bytes failed: Only part of a ReadProcessMemory or WriteProcessMemory request was completed. (0x12B)
[0306/225452.736:ERROR:process_memory_win.cc(73)] ReadMemory at 0x5451ffd000 of 12288 bytes failed: Only part of a ReadProcessMemory or WriteProcessMemory request was completed. (0x12B)
[0306/225452.736:ERROR:process_memory_win.cc(73)] ReadMemory at 0x54527fd000 of 12288 bytes failed: Only part of a ReadProcessMemory or WriteProcessMemory request was completed. (0x12B)
[0306/225452.736:ERROR:process_memory_win.cc(73)] ReadMemory at 0x5452ffd000 of 12288 bytes failed: Only part of a ReadProcessMemory or WriteProcessMemory request was completed. (0x12B)
[0306/225452.736:ERROR:process_memory_win.cc(73)] ReadMemory at 0x54537fb000 of 20480 bytes failed: Only part of a ReadProcessMemory or WriteProcessMemory request was completed. (0x12B)
[0306/225452.736:ERROR:process_memory_win.cc(73)] ReadMemory at 0x5453ffa000 of 24576 bytes failed: Only part of a ReadProcessMemory or WriteProcessMemory request was completed. (0x12B)
[0306/225452.736:ERROR:process_memory_win.cc(73)] ReadMemory at 0x54547fc000 of 16384 bytes failed: Only part of a ReadProcessMemory or WriteProcessMemory request was completed. (0x12B)
[0306/225452.736:ERROR:process_memory_win.cc(73)] ReadMemory at 0x5454ffc000 of 16384 bytes failed: Only part of a ReadProcessMemory or WriteProcessMemory request was completed. (0x12B)
[0306/225452.736:ERROR:process_memory_win.cc(73)] ReadMemory at 0x54557fc000 of 16384 bytes failed: Only part of a ReadProcessMemory or WriteProcessMemory request was completed. (0x12B)
[0306/225452.736:ERROR:process_memory_win.cc(73)] ReadMemory at 0x5455ffc000 of 16384 bytes failed: Only part of a ReadProcessMemory or WriteProcessMemory request was completed. (0x12B)
[0306/225452.737:ERROR:process_memory_win.cc(73)] ReadMemory at 0x544f7ff000 of 4096 bytes failed: Only part of a ReadProcessMemory or WriteProcessMemory request was completed. (0x12B)
[0306/225452.737:ERROR:process_memory_win.cc(73)] ReadMemory at 0x544af6a000 of 852 bytes failed: Only part of a ReadProcessMemory or WriteProcessMemory request was completed. (0x12B)
[0306/225452.737:ERROR:process_memory_win.cc(73)] ReadMemory at 0x544af6b000 of 6024 bytes failed: Only part of a ReadProcessMemory or WriteProcessMemory request was completed. (0x12B)
[0306/225452.737:ERROR:process_memory_win.cc(73)] ReadMemory at 0x544af6d000 of 6024 bytes failed: Only part of a ReadProcessMemory or WriteProcessMemory request was completed. (0x12B)
[0306/225452.737:ERROR:process_memory_win.cc(73)] ReadMemory at 0x544af6f000 of 6024 bytes failed: Only part of a ReadProcessMemory or WriteProcessMemory request was completed. (0x12B)
[0306/225452.737:ERROR:process_memory_win.cc(73)] ReadMemory at 0x544af71000 of 6024 bytes failed: Only part of a ReadProcessMemory or WriteProcessMemory request was completed. (0x12B)
[0306/225452.737:ERROR:process_memory_win.cc(73)] ReadMemory at 0x544af73000 of 6024 bytes failed: Only part of a ReadProcessMemory or WriteProcessMemory request was completed. (0x12B)
[0306/225452.737:ERROR:process_memory_win.cc(73)] ReadMemory at 0x544af75000 of 6024 bytes failed: Only part of a ReadProcessMemory or WriteProcessMemory request was completed. (0x12B)
[0306/225452.737:ERROR:process_memory_win.cc(73)] ReadMemory at 0x544af77000 of 6024 bytes failed: Only part of a ReadProcessMemory or WriteProcessMemory request was completed. (0x12B)
[0306/225452.737:ERROR:process_memory_win.cc(73)] ReadMemory at 0x544af79000 of 6024 bytes failed: Only part of a ReadProcessMemory or WriteProcessMemory request was completed. (0x12B)
[0306/225452.737:ERROR:process_memory_win.cc(73)] ReadMemory at 0x544af7d000 of 6024 bytes failed: Only part of a ReadProcessMemory or WriteProcessMemory request was completed. (0x12B)
[0306/225452.737:ERROR:process_memory_win.cc(73)] ReadMemory at 0x544af7f000 of 6024 bytes failed: Only part of a ReadProcessMemory or WriteProcessMemory request was completed. (0x12B)
[0306/225452.737:ERROR:process_memory_win.cc(73)] ReadMemory at 0x544af81000 of 6024 bytes failed: Only part of a ReadProcessMemory or WriteProcessMemory request was completed. (0x12B)
[0306/225452.737:ERROR:process_memory_win.cc(73)] ReadMemory at 0x544af83000 of 6024 bytes failed: Only part of a ReadProcessMemory or WriteProcessMemory request was completed. (0x12B)
[0306/225452.737:ERROR:process_memory_win.cc(73)] ReadMemory at 0x544af85000 of 6024 bytes failed: Only part of a ReadProcessMemory or WriteProcessMemory request was completed. (0x12B)
[0306/225452.737:ERROR:process_memory_win.cc(73)] ReadMemory at 0x544af87000 of 6024 bytes failed: Only part of a ReadProcessMemory or WriteProcessMemory request was completed. (0x12B)
[0306/225452.737:ERROR:process_memory_win.cc(73)] ReadMemory at 0x544af89000 of 6024 bytes failed: Only part of a ReadProcessMemory or WriteProcessMemory request was completed. (0x12B)
[0306/225452.737:ERROR:process_memory_win.cc(73)] ReadMemory at 0x544af8b000 of 6024 bytes failed: Only part of a ReadProcessMemory or WriteProcessMemory request was completed. (0x12B)
[0306/225452.737:ERROR:process_memory_win.cc(73)] ReadMemory at 0x544af8d000 of 6024 bytes failed: Only part of a ReadProcessMemory or WriteProcessMemory request was completed. (0x12B)
[0306/225452.737:ERROR:process_memory_win.cc(73)] ReadMemory at 0x544af8f000 of 6024 bytes failed: Only part of a ReadProcessMemory or WriteProcessMemory request was completed. (0x12B)
[0306/225452.738:ERROR:process_memory_win.cc(73)] ReadMemory at 0x544af91000 of 6024 bytes failed: Only part of a ReadProcessMemory or WriteProcessMemory request was completed. (0x12B)
[0306/225452.738:ERROR:process_memory_win.cc(73)] ReadMemory at 0x544af93000 of 6024 bytes failed: Only part of a ReadProcessMemory or WriteProcessMemory request was completed. (0x12B)
[0306/225452.738:ERROR:process_memory_win.cc(73)] ReadMemory at 0x544af95000 of 6024 bytes failed: Only part of a ReadProcessMemory or WriteProcessMemory request was completed. (0x12B)
[0306/225452.738:ERROR:process_memory_win.cc(73)] ReadMemory at 0x544af97000 of 6024 bytes failed: Only part of a ReadProcessMemory or WriteProcessMemory request was completed. (0x12B)
[0306/225452.738:ERROR:process_memory_win.cc(73)] ReadMemory at 0x18fbbbc02c0 of 40 bytes failed: Only part of a ReadProcessMemory or WriteProcessMemory request was completed. (0x12B)
[0306/225452.738:ERROR:process_memory_win.cc(73)] ReadMemory at 0x18fbbbd02c0 of 40 bytes failed: Only part of a ReadProcessMemory or WriteProcessMemory request was completed. (0x12B)
[0306/225452.738:ERROR:process_memory_win.cc(73)] ReadMemory at 0x18fbbc702c0 of 40 bytes failed: Only part of a ReadProcessMemory or WriteProcessMemory request was completed. (0x12B)
[0306/225452.738:ERROR:process_memory_win.cc(73)] ReadMemory at 0x18fbbc70fe0 of 17000 bytes failed: Only part of a ReadProcessMemory or WriteProcessMemory request was completed. (0x12B)
[0306/225452.738:ERROR:process_memory_win.cc(73)] ReadMemory at 0x18fbbc75250 of 1012 bytes failed: Only part of a ReadProcessMemory or WriteProcessMemory request was completed. (0x12B)
[0306/225452.738:ERROR:process_memory_win.cc(73)] ReadMemory at 0x18fbbc75898 of 120 bytes failed: Only part of a ReadProcessMemory or WriteProcessMemory request was completed. (0x12B)
[0306/225452.738:ERROR:process_memory_win.cc(73)] ReadMemory at 0x18fbbc75912 of 880 bytes failed: Only part of a ReadProcessMemory or WriteProcessMemory request was completed. (0x12B)
[0306/225452.738:ERROR:process_memory_win.cc(73)] ReadMemory at 0x18fbbc75c84 of 120 bytes failed: Only part of a ReadProcessMemory or WriteProcessMemory request was completed. (0x12B)
[0306/225452.738:ERROR:process_memory_win.cc(73)] ReadMemory at 0x18fbbc75cfe of 96 bytes failed: Only part of a ReadProcessMemory or WriteProcessMemory request was completed. (0x12B)
[0306/225452.738:ERROR:process_memory_win.cc(73)] ReadMemory at 0x18fbbc75d70 of 58 bytes failed: Only part of a ReadProcessMemory or WriteProcessMemory request was completed. (0x12B)
[0306/225452.738:ERROR:process_memory_win.cc(73)] ReadMemory at 0x18fbbc75e70 of 132 bytes failed: Only part of a ReadProcessMemory or WriteProcessMemory request was completed. (0x12B)
[0306/225452.738:ERROR:process_memory_win.cc(73)] ReadMemory at 0x18fbbc76000 of 132 bytes failed: Only part of a ReadProcessMemory or WriteProcessMemory request was completed. (0x12B)
[0306/225452.738:ERROR:process_memory_win.cc(73)] ReadMemory at 0x18fbbc765a0 of 132 bytes failed: Only part of a ReadProcessMemory or WriteProcessMemory request was completed. (0x12B)
[0306/225452.738:ERROR:process_memory_win.cc(73)] ReadMemory at 0x18fbbc76730 of 64 bytes failed: Only part of a ReadProcessMemory or WriteProcessMemory request was completed. (0x12B)
[0306/225452.738:ERROR:process_memory_win.cc(73)] ReadMemory at 0x18fbbc76780 of 132 bytes failed: Only part of a ReadProcessMemory or WriteProcessMemory request was completed. (0x12B)
[0306/225452.738:ERROR:process_memory_win.cc(73)] ReadMemory at 0x18fbbc768b0 of 132 bytes failed: Only part of a ReadProcessMemory or WriteProcessMemory request was completed. (0x12B)
[0306/225452.738:ERROR:process_memory_win.cc(73)] ReadMemory at 0x18fbbc76b90 of 132 bytes failed: Only part of a ReadProcessMemory or WriteProcessMemory request was completed. (0x12B)
[0306/225452.739:ERROR:process_memory_win.cc(73)] ReadMemory at 0x18fbbc76d20 of 68 bytes failed: Only part of a ReadProcessMemory or WriteProcessMemory request was completed. (0x12B)
[0306/225452.739:ERROR:process_memory_win.cc(73)] ReadMemory at 0x18fbbc77d60 of 132 bytes failed: Only part of a ReadProcessMemory or WriteProcessMemory request was completed. (0x12B)
[0306/225452.739:ERROR:process_memory_win.cc(73)] ReadMemory at 0x18fbbc77fb0 of 152 bytes failed: Only part of a ReadProcessMemory or WriteProcessMemory request was completed. (0x12B)
[0306/225452.739:ERROR:process_memory_win.cc(73)] ReadMemory at 0x18fbbc793c0 of 48 bytes failed: Only part of a ReadProcessMemory or WriteProcessMemory request was completed. (0x12B)
[0306/225452.739:ERROR:process_memory_win.cc(73)] ReadMemory at 0x18fbbc79d20 of 62 bytes failed: Only part of a ReadProcessMemory or WriteProcessMemory request was completed. (0x12B)
[0306/225452.739:ERROR:process_memory_win.cc(73)] ReadMemory at 0x18fbbc79d70 of 144 bytes failed: Only part of a ReadProcessMemory or WriteProcessMemory request was completed. (0x12B)
[0306/225452.739:ERROR:process_memory_win.cc(73)] ReadMemory at 0x18fbbc79e50 of 132 bytes failed: Only part of a ReadProcessMemory or WriteProcessMemory request was completed. (0x12B)
[0306/225452.739:ERROR:process_memory_win.cc(73)] ReadMemory at 0x18fbbc79f80 of 60 bytes failed: Only part of a ReadProcessMemory or WriteProcessMemory request was completed. (0x12B)
[0306/225452.739:ERROR:process_memory_win.cc(73)] ReadMemory at 0x18fbbc7a0c0 of 132 bytes failed: Only part of a ReadProcessMemory or WriteProcessMemory request was completed. (0x12B)
[0306/225452.740:ERROR:process_memory_win.cc(73)] ReadMemory at 0x18fbbc7a2e0 of 132 bytes failed: Only part of a ReadProcessMemory or WriteProcessMemory request was completed. (0x12B)
[0306/225452.740:ERROR:process_memory_win.cc(73)] ReadMemory at 0x18fbbc7a390 of 512 bytes failed: Only part of a ReadProcessMemory or WriteProcessMemory request was completed. (0x12B)
[0306/225452.740:ERROR:process_memory_win.cc(73)] ReadMemory at 0x18fbbc7a640 of 132 bytes failed: Only part of a ReadProcessMemory or WriteProcessMemory request was completed. (0x12B)
[0306/225452.740:ERROR:process_memory_win.cc(73)] ReadMemory at 0x18fbbc7cf50 of 132 bytes failed: Only part of a ReadProcessMemory or WriteProcessMemory request was completed. (0x12B)
[0306/225452.740:ERROR:process_memory_win.cc(73)] ReadMemory at 0x18fbbc7d080 of 132 bytes failed: Only part of a ReadProcessMemory or WriteProcessMemory request was completed. (0x12B)
[0306/225452.740:ERROR:process_memory_win.cc(73)] ReadMemory at 0x18fbbc7d210 of 80 bytes failed: Only part of a ReadProcessMemory or WriteProcessMemory request was completed. (0x12B)
[0306/225452.740:ERROR:process_memory_win.cc(73)] ReadMemory at 0x18fbbc7d4f0 of 64 bytes failed: Only part of a ReadProcessMemory or WriteProcessMemory request was completed. (0x12B)
[0306/225452.741:ERROR:process_memory_win.cc(73)] ReadMemory at 0x18fbbc7d630 of 62 bytes failed: Only part of a ReadProcessMemory or WriteProcessMemory request was completed. (0x12B)
[0306/225452.741:ERROR:process_memory_win.cc(73)] ReadMemory at 0x18fbbc7d7c0 of 64 bytes failed: Only part of a ReadProcessMemory or WriteProcessMemory request was completed. (0x12B)
[0306/225452.741:ERROR:process_memory_win.cc(73)] ReadMemory at 0x18fbbc7d810 of 60 bytes failed: Only part of a ReadProcessMemory or WriteProcessMemory request was completed. (0x12B)
[0306/225452.741:ERROR:process_memory_win.cc(73)] ReadMemory at 0x18fbbc7d950 of 64 bytes failed: Only part of a ReadProcessMemory or WriteProcessMemory request was completed. (0x12B)
[0306/225452.741:ERROR:process_memory_win.cc(73)] ReadMemory at 0x18fbbc7d9a0 of 64 bytes failed: Only part of a ReadProcessMemory or WriteProcessMemory request was completed. (0x12B)
[0306/225452.741:ERROR:process_memory_win.cc(73)] ReadMemory at 0x18fbbc7d9f0 of 60 bytes failed: Only part of a ReadProcessMemory or WriteProcessMemory request was completed. (0x12B)
[0306/225452.741:ERROR:process_memory_win.cc(73)] ReadMemory at 0x18fbbc7da40 of 66 bytes failed: Only part of a ReadProcessMemory or WriteProcessMemory request was completed. (0x12B)
[0306/225452.741:ERROR:process_memory_win.cc(73)] ReadMemory at 0x18fbbc7dae0 of 62 bytes failed: Only part of a ReadProcessMemory or WriteProcessMemory request was completed. (0x12B)
[0306/225452.741:ERROR:process_memory_win.cc(73)] ReadMemory at 0x18fbbc7eaf0 of 124 bytes failed: Only part of a ReadProcessMemory or WriteProcessMemory request was completed. (0x12B)
[0306/225452.741:ERROR:process_memory_win.cc(73)] ReadMemory at 0x18fbbc80fd0 of 80 bytes failed: Only part of a ReadProcessMemory or WriteProcessMemory request was completed. (0x12B)
[0306/225452.741:ERROR:process_memory_win.cc(73)] ReadMemory at 0x18fbbc81870 of 76 bytes failed: Only part of a ReadProcessMemory or WriteProcessMemory request was completed. (0x12B)
[0306/225452.741:ERROR:process_memory_win.cc(73)] ReadMemory at 0x18fbbc83fd0 of 54 bytes failed: Only part of a ReadProcessMemory or WriteProcessMemory request was completed. (0x12B)
[0306/225452.741:ERROR:process_memory_win.cc(73)] ReadMemory at 0x18fbbc87810 of 512 bytes failed: Only part of a ReadProcessMemory or WriteProcessMemory request was completed. (0x12B)
[0306/225452.741:ERROR:process_memory_win.cc(73)] ReadMemory at 0x18fbbc87d90 of 132 bytes failed: Only part of a ReadProcessMemory or WriteProcessMemory request was completed. (0x12B)
[0306/225452.741:ERROR:process_memory_win.cc(73)] ReadMemory at 0x18fbbc87ec0 of 132 bytes failed: Only part of a ReadProcessMemory or WriteProcessMemory request was completed. (0x12B)
[0306/225452.742:ERROR:process_memory_win.cc(73)] ReadMemory at 0x18fbbc87ff0 of 132 bytes failed: Only part of a ReadProcessMemory or WriteProcessMemory request was completed. (0x12B)
[0306/225452.742:ERROR:process_memory_win.cc(73)] ReadMemory at 0x18fbbc88120 of 132 bytes failed: Only part of a ReadProcessMemory or WriteProcessMemory request was completed. (0x12B)
[0306/225452.742:ERROR:process_memory_win.cc(73)] ReadMemory at 0x18fbbc88250 of 132 bytes failed: Only part of a ReadProcessMemory or WriteProcessMemory request was completed. (0x12B)
[0306/225452.742:ERROR:process_memory_win.cc(73)] ReadMemory at 0x18fbbc88380 of 132 bytes failed: Only part of a ReadProcessMemory or WriteProcessMemory request was completed. (0x12B)
[0306/225452.742:ERROR:process_memory_win.cc(73)] ReadMemory at 0x18fbbc88550 of 132 bytes failed: Only part of a ReadProcessMemory or WriteProcessMemory request was completed. (0x12B)
[0306/225452.742:ERROR:process_memory_win.cc(73)] ReadMemory at 0x18fbbc88e90 of 132 bytes failed: Only part of a ReadProcessMemory or WriteProcessMemory request was completed. (0x12B)
[0306/225452.742:ERROR:process_memory_win.cc(73)] ReadMemory at 0x18fbbc8ad60 of 132 bytes failed: Only part of a ReadProcessMemory or WriteProcessMemory request was completed. (0x12B)
[0306/225452.742:ERROR:process_memory_win.cc(73)] ReadMemory at 0x18fbbc8afe0 of 132 bytes failed: Only part of a ReadProcessMemory or WriteProcessMemory request was completed. (0x12B)
[0306/225452.742:ERROR:process_memory_win.cc(73)] ReadMemory at 0x18fbbc8b240 of 132 bytes failed: Only part of a ReadProcessMemory or WriteProcessMemory request was completed. (0x12B)
[0306/225452.742:ERROR:process_memory_win.cc(73)] ReadMemory at 0x18fbbc8b370 of 132 bytes failed: Only part of a ReadProcessMemory or WriteProcessMemory request was completed. (0x12B)
[0306/225452.742:ERROR:process_memory_win.cc(73)] ReadMemory at 0x18fbbc8ba90 of 132 bytes failed: Only part of a ReadProcessMemory or WriteProcessMemory request was completed. (0x12B)
[0306/225452.742:ERROR:process_memory_win.cc(73)] ReadMemory at 0x18fbbc8bbc0 of 132 bytes failed: Only part of a ReadProcessMemory or WriteProcessMemory request was completed. (0x12B)
[0306/225452.742:ERROR:process_memory_win.cc(73)] ReadMemory at 0x18fbbc8be20 of 132 bytes failed: Only part of a ReadProcessMemory or WriteProcessMemory request was completed. (0x12B)
[0306/225452.742:ERROR:process_memory_win.cc(73)] ReadMemory at 0x18fbbc8bf50 of 132 bytes failed: Only part of a ReadProcessMemory or WriteProcessMemory request was completed. (0x12B)
[0306/225452.742:ERROR:process_memory_win.cc(73)] ReadMemory at 0x18fbbc8c080 of 132 bytes failed: Only part of a ReadProcessMemory or WriteProcessMemory request was completed. (0x12B)
[0306/225452.742:ERROR:process_memory_win.cc(73)] ReadMemory at 0x18fbbc8c410 of 132 bytes failed: Only part of a ReadProcessMemory or WriteProcessMemory request was completed. (0x12B)
[0306/225452.742:ERROR:process_memory_win.cc(73)] ReadMemory at 0x18fbbc8c540 of 132 bytes failed: Only part of a ReadProcessMemory or WriteProcessMemory request was completed. (0x12B)
[0306/225452.743:ERROR:process_memory_win.cc(73)] ReadMemory at 0x18fbbc8c670 of 132 bytes failed: Only part of a ReadProcessMemory or WriteProcessMemory request was completed. (0x12B)
[0306/225452.743:ERROR:process_memory_win.cc(73)] ReadMemory at 0x18fbbc8c7a0 of 132 bytes failed: Only part of a ReadProcessMemory or WriteProcessMemory request was completed. (0x12B)
[0306/225452.743:ERROR:process_memory_win.cc(73)] ReadMemory at 0x18fbbc8c8d0 of 132 bytes failed: Only part of a ReadProcessMemory or WriteProcessMemory request was completed. (0x12B)
[0306/225452.743:ERROR:process_memory_win.cc(73)] ReadMemory at 0x18fbbc8ca00 of 132 bytes failed: Only part of a ReadProcessMemory or WriteProcessMemory request was completed. (0x12B)
[0306/225452.743:ERROR:process_memory_win.cc(73)] ReadMemory at 0x18fbbc8cb30 of 132 bytes failed: Only part of a ReadProcessMemory or WriteProcessMemory request was completed. (0x12B)
[0306/225452.743:ERROR:process_memory_win.cc(73)] ReadMemory at 0x18fbbc8cc60 of 132 bytes failed: Only part of a ReadProcessMemory or WriteProcessMemory request was completed. (0x12B)
[0306/225452.743:ERROR:process_memory_win.cc(73)] ReadMemory at 0x18fbbc8cd90 of 132 bytes failed: Only part of a ReadProcessMemory or WriteProcessMemory request was completed. (0x12B)
[0306/225452.743:ERROR:process_memory_win.cc(73)] ReadMemory at 0x18fbbc8d090 of 60 bytes failed: Only part of a ReadProcessMemory or WriteProcessMemory request was completed. (0x12B)
[0306/225452.743:ERROR:process_memory_win.cc(73)] ReadMemory at 0x18fbbc8d130 of 62 bytes failed: Only part of a ReadProcessMemory or WriteProcessMemory request was completed. (0x12B)
[0306/225452.745:ERROR:process_memory_win.cc(73)] ReadMemory at 0x18fbbc8d1d0 of 62 bytes failed: Only part of a ReadProcessMemory or WriteProcessMemory request was completed. (0x12B)
[0306/225452.745:ERROR:process_memory_win.cc(73)] ReadMemory at 0x18fbbc8d310 of 62 bytes failed: Only part of a ReadProcessMemory or WriteProcessMemory request was completed. (0x12B)
[0306/225452.745:ERROR:process_memory_win.cc(73)] ReadMemory at 0x18fbbc8d3b0 of 66 bytes failed: Only part of a ReadProcessMemory or WriteProcessMemory request was completed. (0x12B)
[0306/225452.745:ERROR:process_memory_win.cc(73)] ReadMemory at 0x18fbbc8d400 of 60 bytes failed: Only part of a ReadProcessMemory or WriteProcessMemory request was completed. (0x12B)
[0306/225452.746:ERROR:process_memory_win.cc(73)] ReadMemory at 0x18fbbc8d450 of 64 bytes failed: Only part of a ReadProcessMemory or WriteProcessMemory request was completed. (0x12B)
[0306/225452.746:ERROR:process_memory_win.cc(73)] ReadMemory at 0x18fbbc8d4a0 of 62 bytes failed: Only part of a ReadProcessMemory or WriteProcessMemory request was completed. (0x12B)
[0306/225452.746:ERROR:process_memory_win.cc(73)] ReadMemory at 0x18fbbc8d4f0 of 62 bytes failed: Only part of a ReadProcessMemory or WriteProcessMemory request was completed. (0x12B)
[0306/225452.746:ERROR:process_memory_win.cc(73)] ReadMemory at 0x18fbbc8d540 of 60 bytes failed: Only part of a ReadProcessMemory or WriteProcessMemory request was completed. (0x12B)
[0306/225452.746:ERROR:process_memory_win.cc(73)] ReadMemory at 0x18fbbc8d680 of 62 bytes failed: Only part of a ReadProcessMemory or WriteProcessMemory request was completed. (0x12B)
[0306/225452.746:ERROR:process_memory_win.cc(73)] ReadMemory at 0x18fbbc8d720 of 64 bytes failed: Only part of a ReadProcessMemory or WriteProcessMemory request was completed. (0x12B)
[0306/225452.746:ERROR:process_memory_win.cc(73)] ReadMemory at 0x18fbbc8d8b0 of 62 bytes failed: Only part of a ReadProcessMemory or WriteProcessMemory request was completed. (0x12B)
[0306/225452.746:ERROR:process_memory_win.cc(73)] ReadMemory at 0x18fbbc8d900 of 64 bytes failed: Only part of a ReadProcessMemory or WriteProcessMemory request was completed. (0x12B)
[0306/225452.746:ERROR:process_memory_win.cc(73)] ReadMemory at 0x18fbbc8de50 of 62 bytes failed: Only part of a ReadProcessMemory or WriteProcessMemory request was completed. (0x12B)
[0306/225452.746:ERROR:process_memory_win.cc(73)] ReadMemory at 0x18fbbc8dea0 of 58 bytes failed: Only part of a ReadProcessMemory or WriteProcessMemory request was completed. (0x12B)
[0306/225452.746:ERROR:process_memory_win.cc(73)] ReadMemory at 0x18fbbc8def0 of 64 bytes failed: Only part of a ReadProcessMemory or WriteProcessMemory request was completed. (0x12B)
[0306/225452.746:ERROR:process_memory_win.cc(73)] ReadMemory at 0x18fbbc8df40 of 60 bytes failed: Only part of a ReadProcessMemory or WriteProcessMemory request was completed. (0x12B)
[0306/225452.746:ERROR:process_memory_win.cc(73)] ReadMemory at 0x18fbbc8f890 of 48 bytes failed: Only part of a ReadProcessMemory or WriteProcessMemory request was completed. (0x12B)
[0306/225452.746:ERROR:process_memory_win.cc(73)] ReadMemory at 0x18fbbc8fe50 of 48 bytes failed: Only part of a ReadProcessMemory or WriteProcessMemory request was completed. (0x12B)
[0306/225452.746:ERROR:process_memory_win.cc(73)] ReadMemory at 0x18fbbc8fed0 of 48 bytes failed: Only part of a ReadProcessMemory or WriteProcessMemory request was completed. (0x12B)
[0306/225452.746:ERROR:process_memory_win.cc(73)] ReadMemory at 0x18fbbc946a0 of 40 bytes failed: Only part of a ReadProcessMemory or WriteProcessMemory request was completed. (0x12B)
[0306/225452.746:ERROR:process_memory_win.cc(73)] ReadMemory at 0x18fbbca5d50 of 40 bytes failed: Only part of a ReadProcessMemory or WriteProcessMemory request was completed. (0x12B)
[0306/225452.746:ERROR:process_memory_win.cc(73)] ReadMemory at 0x18fbbdc02c0 of 40 bytes failed: Only part of a ReadProcessMemory or WriteProcessMemory request was completed. (0x12B)
[0306/225452.746:ERROR:process_memory_win.cc(73)] ReadMemory at 0x18fbbec02c0 of 40 bytes failed: Only part of a ReadProcessMemory or WriteProcessMemory request was completed. (0x12B)
[0306/225452.746:ERROR:process_memory_win.cc(73)] ReadMemory at 0x18fbbfb02c0 of 40 bytes failed: Only part of a ReadProcessMemory or WriteProcessMemory request was completed. (0x12B)
[0306/225452.746:ERROR:process_memory_win.cc(73)] ReadMemory at 0x18fbc110c40 of 512 bytes failed: Only part of a ReadProcessMemory or WriteProcessMemory request was completed. (0x12B)
[0306/225452.746:ERROR:process_memory_win.cc(73)] ReadMemory at 0x18fbc1113c0 of 512 bytes failed: Only part of a ReadProcessMemory or WriteProcessMemory request was completed. (0x12B)
[0306/225452.746:ERROR:process_memory_win.cc(73)] ReadMemory at 0x18fbc1802c0 of 40 bytes failed: Only part of a ReadProcessMemory or WriteProcessMemory request was completed. (0x12B)
[0306/225452.747:ERROR:process_memory_win.cc(73)] ReadMemory at 0x18fbc2502c0 of 40 bytes failed: Only part of a ReadProcessMemory or WriteProcessMemory request was completed. (0x12B)
[0306/225452.747:ERROR:process_memory_win.cc(73)] ReadMemory at 0x18fbc2a4c90 of 512 bytes failed: Only part of a ReadProcessMemory or WriteProcessMemory request was completed. (0x12B)
[0306/225452.747:ERROR:process_memory_win.cc(73)] ReadMemory at 0x18fbc2a6a70 of 512 bytes failed: Only part of a ReadProcessMemory or WriteProcessMemory request was completed. (0x12B)
[0306/225452.747:ERROR:process_memory_win.cc(73)] ReadMemory at 0x18fbc2ad848 of 512 bytes failed: Only part of a ReadProcessMemory or WriteProcessMemory request was completed. (0x12B)
[0306/225452.747:ERROR:process_memory_win.cc(73)] ReadMemory at 0x18fbc2c8f30 of 712 bytes failed: Only part of a ReadProcessMemory or WriteProcessMemory request was completed. (0x12B)
[0306/225452.747:ERROR:process_memory_win.cc(73)] ReadMemory at 0x18fbc2ca618 of 512 bytes failed: Only part of a ReadProcessMemory or WriteProcessMemory request was completed. (0x12B)
[0306/225452.747:ERROR:process_memory_win.cc(73)] ReadMemory at 0x18fbc2cab28 of 512 bytes failed: Only part of a ReadProcessMemory or WriteProcessMemory request was completed. (0x12B)
[0306/225452.747:ERROR:process_memory_win.cc(73)] ReadMemory at 0x18fbc2cae88 of 512 bytes failed: Only part of a ReadProcessMemory or WriteProcessMemory request was completed. (0x12B)
[0306/225452.747:ERROR:process_memory_win.cc(73)] ReadMemory at 0x18fbc2cb158 of 512 bytes failed: Only part of a ReadProcessMemory or WriteProcessMemory request was completed. (0x12B)
[0306/225452.747:ERROR:process_memory_win.cc(73)] ReadMemory at 0x18fbc2cb5d8 of 512 bytes failed: Only part of a ReadProcessMemory or WriteProcessMemory request was completed. (0x12B)
[0306/225452.747:ERROR:process_memory_win.cc(73)] ReadMemory at 0x18fbc2e4278 of 512 bytes failed: Only part of a ReadProcessMemory or WriteProcessMemory request was completed. (0x12B)
[0306/225452.747:ERROR:process_memory_win.cc(73)] ReadMemory at 0x18fbc30ce80 of 512 bytes failed: Only part of a ReadProcessMemory or WriteProcessMemory request was completed. (0x12B)
[0306/225452.747:ERROR:process_memory_win.cc(73)] ReadMemory at 0x18fbe420000 of 384 bytes failed: Only part of a ReadProcessMemory or WriteProcessMemory request was completed. (0x12B)
[0306/225452.747:ERROR:process_memory_win.cc(73)] ReadMemory at 0x18fbe457d90 of 512 bytes failed: Only part of a ReadProcessMemory or WriteProcessMemory request was completed. (0x12B)
[0306/225452.747:ERROR:process_memory_win.cc(73)] ReadMemory at 0x18fbe4743f8 of 512 bytes failed: Only part of a ReadProcessMemory or WriteProcessMemory request was completed. (0x12B)
[0306/225452.747:ERROR:process_memory_win.cc(73)] ReadMemory at 0x18fbe574280 of 512 bytes failed: Only part of a ReadProcessMemory or WriteProcessMemory request was completed. (0x12B)
[0306/225452.747:ERROR:process_memory_win.cc(73)] ReadMemory at 0x18fbe5867b0 of 512 bytes failed: Only part of a ReadProcessMemory or WriteProcessMemory request was completed. (0x12B)
[0306/225452.747:ERROR:process_memory_win.cc(73)] ReadMemory at 0x18fbf9f7028 of 512 bytes failed: Only part of a ReadProcessMemory or WriteProcessMemory request was completed. (0x12B)
[0306/225452.747:ERROR:process_memory_win.cc(73)] ReadMemory at 0x18fc43ef670 of 512 bytes failed: Only part of a ReadProcessMemory or WriteProcessMemory request was completed. (0x12B)
[0306/225452.748:ERROR:process_memory_win.cc(73)] ReadMemory at 0x18fc4d1adc8 of 512 bytes failed: Only part of a ReadProcessMemory or WriteProcessMemory request was completed. (0x12B)
[0306/225452.748:ERROR:process_memory_win.cc(73)] ReadMemory at 0x18fc6370088 of 512 bytes failed: Only part of a ReadProcessMemory or WriteProcessMemory request was completed. (0x12B)
[0306/225452.748:ERROR:process_memory_win.cc(73)] ReadMemory at 0x302d5ad80880 of 512 bytes failed: Only part of a ReadProcessMemory or WriteProcessMemory request was completed. (0x12B)
[0306/225452.748:ERROR:process_memory_win.cc(73)] ReadMemory at 0x5f7308044ef1 of 512 bytes failed: Only part of a ReadProcessMemory or WriteProcessMemory request was completed. (0x12B)
[0306/225452.748:ERROR:process_memory_win.cc(73)] ReadMemory at 0x5f730d600080 of 512 bytes failed: Only part of a ReadProcessMemory or WriteProcessMemory request was completed. (0x12B)
[0306/225452.748:ERROR:process_memory_win.cc(73)] ReadMemory at 0x5f730d63ff80 of 512 bytes failed: Only part of a ReadProcessMemory or WriteProcessMemory request was completed. (0x12B)
[0306/225452.748:ERROR:process_memory_win.cc(73)] ReadMemory at 0x5f732aa5c198 of 513 bytes failed: Only part of a ReadProcessMemory or WriteProcessMemory request was completed. (0x12B)
[0306/225452.748:ERROR:process_memory_win.cc(73)] ReadMemory at 0x5f732bcaa605 of 512 bytes failed: Only part of a ReadProcessMemory or WriteProcessMemory request was completed. (0x12B)
[0306/225452.748:ERROR:process_memory_win.cc(73)] ReadMemory at 0x5f732d42f11c of 513 bytes failed: Only part of a ReadProcessMemory or WriteProcessMemory request was completed. (0x12B)
[0306/225452.748:ERROR:process_memory_win.cc(73)] ReadMemory at 0x5f7348b9c9f1 of 576 bytes failed: Only part of a ReadProcessMemory or WriteProcessMemory request was completed. (0x12B)
[0306/225452.748:ERROR:process_memory_win.cc(73)] ReadMemory at 0x5f7348c91321 of 512 bytes failed: Only part of a ReadProcessMemory or WriteProcessMemory request was completed. (0x12B)
[0306/225452.748:ERROR:process_memory_win.cc(73)] ReadMemory at 0x5f7348c91f2d of 512 bytes failed: Only part of a ReadProcessMemory or WriteProcessMemory request was completed. (0x12B)
[0306/225452.748:ERROR:process_memory_win.cc(73)] ReadMemory at 0x5f7348db59c5 of 512 bytes failed: Only part of a ReadProcessMemory or WriteProcessMemory request was completed. (0x12B)
[0306/225452.748:ERROR:process_memory_win.cc(73)] ReadMemory at 0x5f7348dbc611 of 512 bytes failed: Only part of a ReadProcessMemory or WriteProcessMemory request was completed. (0x12B)
[0306/225452.748:ERROR:process_memory_win.cc(73)] ReadMemory at 0x5f7348dbd161 of 512 bytes failed: Only part of a ReadProcessMemory or WriteProcessMemory request was completed. (0x12B)
[0306/225452.748:ERROR:process_memory_win.cc(73)] ReadMemory at 0x5f7348de2f84 of 513 bytes failed: Only part of a ReadProcessMemory or WriteProcessMemory request was completed. (0x12B)
[0306/225452.748:ERROR:process_memory_win.cc(73)] ReadMemory at 0x5f7348de3484 of 525 bytes failed: Only part of a ReadProcessMemory or WriteProcessMemory request was completed. (0x12B)
[0306/225452.748:ERROR:process_memory_win.cc(73)] ReadMemory at 0x60fab9562548 of 512 bytes failed: Only part of a ReadProcessMemory or WriteProcessMemory request was completed. (0x12B)
[0306/225452.748:ERROR:process_memory_win.cc(73)] ReadMemory at 0x690d3c7838f8 of 513 bytes failed: Only part of a ReadProcessMemory or WriteProcessMemory request was completed. (0x12B)
[0306/225452.748:ERROR:process_memory_win.cc(73)] ReadMemory at 0x6d8014fcf338 of 512 bytes failed: Only part of a ReadProcessMemory or WriteProcessMemory request was completed. (0x12B)
[0306/225452.749:ERROR:process_memory_win.cc(73)] ReadMemory at 0x6d80150c0fb8 of 512 bytes failed: Only part of a ReadProcessMemory or WriteProcessMemory request was completed. (0x12B)
[0306/225452.749:ERROR:process_memory_win.cc(73)] ReadMemory at 0x7ffea7400000 of 384 bytes failed: Only part of a ReadProcessMemory or WriteProcessMemory request was completed. (0x12B)
[0306/225452.749:ERROR:process_memory_win.cc(73)] ReadMemory at 0x7ffea8dcbd37 of 512 bytes failed: Only part of a ReadProcessMemory or WriteProcessMemory request was completed. (0x12B)
[0306/225452.749:ERROR:process_memory_win.cc(73)] ReadMemory at 0x7ffea8dd1333 of 512 bytes failed: Only part of a ReadProcessMemory or WriteProcessMemory request was completed. (0x12B)
[0306/225452.749:ERROR:process_memory_win.cc(73)] ReadMemory at 0x7ffea9099fe0 of 512 bytes failed: Only part of a ReadProcessMemory or WriteProcessMemory request was completed. (0x12B)
[0306/225452.749:ERROR:process_memory_win.cc(73)] ReadMemory at 0x7ffea9b6df9c of 512 bytes failed: Only part of a ReadProcessMemory or WriteProcessMemory request was completed. (0x12B)
[0306/225452.749:ERROR:process_memory_win.cc(73)] ReadMemory at 0x7ffeaa1e5a2e of 512 bytes failed: Only part of a ReadProcessMemory or WriteProcessMemory request was completed. (0x12B)
[0306/225452.749:ERROR:process_memory_win.cc(73)] ReadMemory at 0x7ffeadd61060 of 512 bytes failed: Only part of a ReadProcessMemory or WriteProcessMemory request was completed. (0x12B)
[0306/225452.749:ERROR:process_memory_win.cc(73)] ReadMemory at 0x7ffec06b3ca6 of 512 bytes failed: Only part of a ReadProcessMemory or WriteProcessMemory request was completed. (0x12B)
[0306/225452.749:ERROR:process_memory_win.cc(73)] ReadMemory at 0x7ffec0752288 of 712 bytes failed: Only part of a ReadProcessMemory or WriteProcessMemory request was completed. (0x12B)
[0306/225452.749:ERROR:process_memory_win.cc(73)] ReadMemory at 0x7ffec0756f40 of 40 bytes failed: Only part of a ReadProcessMemory or WriteProcessMemory request was completed. (0x12B)
[0306/225452.750:ERROR:process_memory_win.cc(73)] ReadMemory at 0x7ffef5568cb0 of 40 bytes failed: Only part of a ReadProcessMemory or WriteProcessMemory request was completed. (0x12B)
[0306/225452.750:ERROR:process_memory_win.cc(73)] ReadMemory at 0x7ffef881c0c4 of 672 bytes failed: Only part of a ReadProcessMemory or WriteProcessMemory request was completed. (0x12B)
[0306/225452.750:ERROR:process_memory_win.cc(73)] ReadMemory at 0x7ffef881f974 of 608 bytes failed: Only part of a ReadProcessMemory or WriteProcessMemory request was completed. (0x12B)
[0306/225452.750:ERROR:process_memory_win.cc(73)] ReadMemory at 0x7ffef88ac428 of 18 bytes failed: Only part of a ReadProcessMemory or WriteProcessMemory request was completed. (0x12B)
[0306/225452.750:ERROR:process_memory_win.cc(73)] ReadMemory at 0x7ffef88df4f8 of 40 bytes failed: Only part of a ReadProcessMemory or WriteProcessMemory request was completed. (0x12B)
[0306/225452.750:ERROR:process_memory_win.cc(73)] ReadMemory at 0x7ffef88df560 of 48 bytes failed: Only part of a ReadProcessMemory or WriteProcessMemory request was completed. (0x12B)
[0306/225452.750:ERROR:process_memory_win.cc(73)] ReadMemory at 0x7ffef88df978 of 48 bytes failed: Only part of a ReadProcessMemory or WriteProcessMemory request was completed. (0x12B)
[0306/225452.750:ERROR:process_memory_win.cc(73)] ReadMemory at 0x7ffef88e3be0 of 40 bytes failed: Only part of a ReadProcessMemory or WriteProcessMemory request was completed. (0x12B)
[0306/225452.750:ERROR:process_memory_win.cc(73)] ReadMemory at 0x7ffef88e3d40 of 384 bytes failed: Only part of a ReadProcessMemory or WriteProcessMemory request was completed. (0x12B)
[0306/225452.750:ERROR:process_memory_win.cc(73)] ReadMemory at 0x7ffef88e53c0 of 64 bytes failed: Only part of a ReadProcessMemory or WriteProcessMemory request was completed. (0x12B)
[0306/225452.753:ERROR:scoped_process_suspend.cc(40)] NtResumeProcess: An attempt was made to access an exiting process. (0xc000010a)
